<?xml version="1.0" encoding="UTF-8"?>
<testng-results ignored="0" total="1" passed="1" failed="0" skipped="0">
  <reporter-output>
  </reporter-output>
  <suite started-at="2026-05-29T17:02:22 CDT" name="Default suite" finished-at="2026-05-29T17:02:27 CDT" duration-ms="4530">
    <groups>
    </groups>
    <test started-at="2026-05-29T17:02:22 CDT" name="Default test" finished-at="2026-05-29T17:02:27 CDT" duration-ms="4530">
      <class name="tests.LoginTest">
        <test-method is-config="true" signature="setUp()[pri:0, instance:tests.LoginTest@654f0d9c]" started-at="2026-05-29T17:02:22 CDT" name="setUp" finished-at="2026-05-29T17:02:26 CDT" duration-ms="4206" status="PASS">
          <reporter-output>
          </reporter-output>
        </test-method> <!-- setUp -->
        <test-method signature="verifyLogin()[pri:0, instance:tests.LoginTest@654f0d9c]" started-at="2026-05-29T17:02:26 CDT" name="verifyLogin" finished-at="2026-05-29T17:02:27 CDT" duration-ms="218" status="PASS">
          <reporter-output>
          </reporter-output>
        </test-method> <!-- verifyLogin -->
        <test-method is-config="true" signature="tearDown()[pri:0, instance:tests.LoginTest@654f0d9c]" started-at="2026-05-29T17:02:27 CDT" name="tearDown" finished-at="2026-05-29T17:02:27 CDT" duration-ms="92" status="PASS">
          <reporter-output>
          </reporter-output>
        </test-method> <!-- tearDown -->
      </class> <!-- tests.LoginTest -->
    </test> <!-- Default test -->
  </suite> <!-- Default suite -->
</testng-results>
